[06:59:24.620] [INFO] Initializing Storybook
[06:59:27.512] [DEBUG] Getting package.json info for C:/Users/olale/Documents/MyWorks/vyraxity/crystal-kairos/package.json...
[06:59:27.514] [DEBUG] Getting CLI versions from NPM for storybook...
[06:59:27.515] [DEBUG] Executing command: pnpm info storybook version
[06:59:31.822] [INFO] Adding Storybook version 10.2.8 to your project
[06:59:31.831] [DEBUG] Project type detected: nextjs
[06:59:31.834] [DEBUG] Using cached package.json for C:\Users\olale\Documents\MyWorks\vyraxity\crystal-kairos\package.json...
[06:59:31.881] [INFO] Framework detected: nextjs-vite
[06:59:31.886] [DEBUG] Getting installed version for vitest...
[06:59:31.887] [DEBUG] Executing command: pnpm list "vitest" --json --depth=99
[06:59:36.283] [DEBUG] Installed version for vitest: null
[06:59:36.283] [DEBUG] Getting installed version for msw...
[06:59:36.283] [DEBUG] Executing command: pnpm list "msw" --json --depth=99
[06:59:40.777] [DEBUG] Installed version for msw: null
[06:59:40.798] [DEBUG] Using cached package.json for C:\Users\olale\Documents\MyWorks\vyraxity\crystal-kairos\package.json...
[06:59:40.799] [DEBUG] Using cached version for storybook...
[06:59:40.799] [DEBUG] Getting CLI versions from NPM for @storybook/nextjs-vite...
[06:59:40.799] [DEBUG] Executing command: pnpm info @storybook/nextjs-vite version
[06:59:40.900] [DEBUG] Getting CLI versions from NPM for @chromatic-com/storybook...
[06:59:40.900] [DEBUG] Executing command: pnpm info @chromatic-com/storybook version
[06:59:41.001] [DEBUG] Getting CLI versions from NPM for @storybook/addon-vitest...
[06:59:41.001] [DEBUG] Executing command: pnpm info @storybook/addon-vitest version
[06:59:41.113] [DEBUG] Getting CLI versions from NPM for @storybook/addon-a11y...
[06:59:41.113] [DEBUG] Executing command: pnpm info @storybook/addon-a11y version
[06:59:41.250] [DEBUG] Getting CLI versions from NPM for @storybook/addon-docs...
[06:59:41.250] [DEBUG] Executing command: pnpm info @storybook/addon-docs version
[06:59:41.382] [DEBUG] Getting CLI versions from NPM for @storybook/addon-onboarding...
[06:59:41.382] [DEBUG] Executing command: pnpm info @storybook/addon-onboarding version
[06:59:41.501] [DEBUG] Getting CLI versions from NPM for vite...
[06:59:41.501] [DEBUG] Executing command: pnpm info vite version
[06:59:59.891] [INFO] - Configuring main.ts
[06:59:59.898] [INFO] - Configuring preview.ts
[06:59:59.908] [INFO] - Adding Storybook command to package.json
[06:59:59.911] [DEBUG] Getting package.json info for C:/Users/olale/Documents/MyWorks/vyraxity/crystal-kairos/package.json...
[06:59:59.911] [DEBUG] Using cached package.json for C:\Users\olale\Documents\MyWorks\vyraxity\crystal-kairos\package.json...
[06:59:59.912] [DEBUG] Using cached package.json for C:\Users\olale\Documents\MyWorks\vyraxity\crystal-kairos\package.json...
[06:59:59.913] [INFO] - Copying framework templates
[07:00:00.075] [DEBUG] Executing command: pnpm config get registry
[07:00:05.790] [INFO] Storybook configuration generated
[07:00:05.793] [DEBUG] Using cached package.json for C:\Users\olale\Documents\MyWorks\vyraxity\crystal-kairos\package.json...
[07:00:05.793] [DEBUG] Using cached installed version for vitest...
[07:00:05.793] [DEBUG] Getting installed version for @vitest/coverage-v8...
[07:00:05.794] [DEBUG] Executing command: pnpm list "@vitest/coverage-v8" --json --depth=99
[07:00:09.855] [DEBUG] Installed version for @vitest/coverage-v8: null
[07:00:09.855] [DEBUG] Getting installed version for @vitest/coverage-istanbul...
[07:00:09.856] [DEBUG] Executing command: pnpm list "@vitest/coverage-istanbul" --json --depth=99
[07:00:12.261] [DEBUG] Installed version for @vitest/coverage-istanbul: null
[07:00:12.262] [INFO] Adding devDependencies:
- storybook@^10.2.8
- @storybook/nextjs-vite@^10.2.8
- @chromatic-com/storybook@^5.0.1
- @storybook/addon-vitest@^10.2.8
- @storybook/addon-a11y@^10.2.8
- @storybook/addon-docs@^10.2.8
- @storybook/addon-onboarding@^10.2.8
- vite@^7.3.1
- vitest
- playwright
- @vitest/browser-playwright
- @vitest/coverage-v8
[07:00:12.267] [DEBUG] Using cached package.json for C:\Users\olale\Documents\MyWorks\vyraxity\crystal-kairos\package.json...
[07:00:12.267] [DEBUG] Using cached version for storybook...
[07:00:12.267] [DEBUG] Using cached version for @storybook/nextjs-vite...
[07:00:12.267] [DEBUG] Using cached version for @chromatic-com/storybook...
[07:00:12.268] [DEBUG] Using cached version for @storybook/addon-vitest...
[07:00:12.268] [DEBUG] Using cached version for @storybook/addon-a11y...
[07:00:12.268] [DEBUG] Using cached version for @storybook/addon-docs...
[07:00:12.268] [DEBUG] Using cached version for @storybook/addon-onboarding...
[07:00:12.268] [DEBUG] Using cached version for vite...
[07:00:12.268] [DEBUG] Getting CLI versions from NPM for vitest...
[07:00:12.268] [DEBUG] Executing command: pnpm info vitest version
[07:00:16.073] [DEBUG] Getting CLI versions from NPM for playwright...
[07:00:16.073] [DEBUG] Executing command: pnpm info playwright version
[07:00:23.449] [DEBUG] Getting CLI versions from NPM for @vitest/browser-playwright...
[07:00:23.449] [DEBUG] Executing command: pnpm info @vitest/browser-playwright version
[07:00:29.703] [DEBUG] Getting CLI versions from NPM for @vitest/coverage-v8...
[07:00:29.703] [DEBUG] Executing command: pnpm info @vitest/coverage-v8 version
[07:00:36.261] [DEBUG] Using cached package.json for C:\Users\olale\Documents\MyWorks\vyraxity\crystal-kairos\package.json...
[07:00:36.262] [INFO] Dependencies added to package.json
[07:00:36.264] [INFO] Installing dependencies...
[07:00:36.264] [INFO] Installing dependencies...
[07:00:36.266] [DEBUG] Executing command: pnpm install
[07:00:40.273] [INFO] Installing dependencies...:  ERR_PNPM_OUTDATED_LOCKFILE  Cannot install with "frozen-lockfile" because pnpm-lock.yaml is not up to date with <ROOT>\package.json

Note that in CI environments this setting is true by default. If you still need to run install in such cases, use "pnpm install --no-frozen-lockfile"

  Failure reason:
  specifiers in the lockfile don't match specifiers in package.json:
* 19 dependencies were added: storybook@^10.2.8, @storybook/nextjs-vite@^10.2.8, @chromatic-com/storybook@^5.0.1, @storybook/addon-vitest@^10.2.8, @storybook/addon-a11y@^10.2.8, @storybook/addon-docs@^10.2.8, @storybook/addon-onboarding@^10.2.8, vite@^7.3.1, vitest@^4.0.18, playwright@^1.58.2, @vitest/browser-playwright@^4.0.18, @vitest/coverage-v8@^4.0.18, @emotion/css@^11.13.5, @mui/icons-material@^7.3.7, @reduxjs/toolkit@^2.11.2, i18next@^25.8.4, i18next-resources-to-backend@^1.2.1, react-i18next@^16.5.4, react-redux@^9.2.0


[07:00:40.273] [INFO] Installing dependencies...: ERR_PNPM_OUTDATED_LOCKFIL
[07:00:41.536] [ERROR] Installation of dependencies failed! {"error":"ExecaError: Command failed with exit code 1: pnpm.cmd install\n\n\\u2009ERR_PNPM_OUTDATED_LOCKFILE\\u2009 Cannot install with \"frozen-lockfile\" because pnpm-lock.yaml is not up to date with <ROOT>\\package.json\n\nNote that in CI environments this setting is true by default. If you still need to run install in such cases, use \"pnpm install --no-frozen-lockfile\"\n\n  Failure reason:\n  specifiers in the lockfile don't match specifiers in package.json:\n* 19 dependencies were added: storybook@^10.2.8, @storybook/nextjs-vite@^10.2.8, @chromatic-com/storybook@^5.0.1, @storybook/addon-vitest@^10.2.8, @storybook/addon-a11y@^10.2.8, @storybook/addon-docs@^10.2.8, @storybook/addon-onboarding@^10.2.8, vite@^7.3.1, vitest@^4.0.18, playwright@^1.58.2, @vitest/browser-playwright@^4.0.18, @vitest/coverage-v8@^4.0.18, @emotion/css@^11.13.5, @mui/icons-material@^7.3.7, @reduxjs/toolkit@^2.11.2, i18next@^25.8.4, i18next-resources-to-backend@^1.2.1, react-i18next@^16.5.4, react-redux@^9.2.0\n    at getFinalError (file:///C:/Users/olale/AppData/Local/npm-cache/_npx/05823ecb1a3a987d/node_modules/storybook/dist/_node-chunks/chunk-WF46L34H.js:13109:10)\n    at makeError (file:///C:/Users/olale/AppData/Local/npm-cache/_npx/05823ecb1a3a987d/node_modules/storybook/dist/_node-chunks/chunk-WF46L34H.js:14645:15)\n    at getAsyncResult (file:///C:/Users/olale/AppData/Local/npm-cache/_npx/05823ecb1a3a987d/node_modules/storybook/dist/_node-chunks/chunk-WF46L34H.js:17291:158)\n    at handlePromise (file:///C:/Users/olale/AppData/Local/npm-cache/_npx/05823ecb1a3a987d/node_modules/storybook/dist/_node-chunks/chunk-WF46L34H.js:17277:162)\n    at async Object.executeTaskWithSpinner (file:///C:/Users/olale/AppData/Local/npm-cache/_npx/05823ecb1a3a987d/node_modules/storybook/dist/_node-chunks/chunk-T5JM3LY2.js:3683:11)\n    at async PNPMProxy.installDependencies (file:///C:/Users/olale/AppData/Local/npm-cache/_npx/05823ecb1a3a987d/node_modules/storybook/dist/_node-chunks/chunk-WF46L34H.js:11258:5)\n    at async DependencyInstallationCommand.execute (file:///C:/Users/olale/AppData/Local/npm-cache/_npx/05823ecb1a3a987d/node_modules/create-storybook/dist/_node-chunks/chunk-M7TYML2Y.js:2072:9)\n    at async doInitiate (file:///C:/Users/olale/AppData/Local/npm-cache/_npx/05823ecb1a3a987d/node_modules/create-storybook/dist/_node-chunks/chunk-M7TYML2Y.js:2848:38)\n    at async file:///C:/Users/olale/AppData/Local/npm-cache/_npx/05823ecb1a3a987d/node_modules/create-storybook/dist/_node-chunks/chunk-M7TYML2Y.js:2882:20\n    at async withTelemetry (file:///C:/Users/olale/AppData/Local/npm-cache/_npx/05823ecb1a3a987d/node_modules/storybook/dist/_node-chunks/chunk-KIOKJLL5.js:218:12)"}
[07:00:41.536] [ERROR] Installation of dependencies failed!
[07:00:41.543] [INFO] Configuring @chromatic-com/storybook...
[07:00:41.556] [INFO] @chromatic-com/storybook configured

[07:00:41.556] [INFO] Configuring @storybook/addon-vitest...
[07:00:41.562] [DEBUG] Getting package.json info for C:/Users/olale/Documents/MyWorks/vyraxity/crystal-kairos/package.json...
[07:00:41.562] [DEBUG] Using cached package.json for C:\Users\olale\Documents\MyWorks\vyraxity\crystal-kairos\package.json...
[07:00:41.562] [DEBUG] Using cached installed version for vitest...
[07:00:41.562] [DEBUG] Vitest version specifier: 4.0.18
[07:00:42.307] [DEBUG] Using cached installed version for vitest...
[07:00:42.307] [DEBUG] Using cached installed version for msw...
[07:00:42.309] [INFO] Creating a Vitest setup file for Storybook:
[07:00:42.310] [INFO] C:/Users/olale/Documents/MyWorks/vyraxity/crystal-kairos/.storybook/vitest.setup.ts

[07:00:42.397] [INFO] Creating a Vitest config file:
[07:00:42.409] [INFO] C:/Users/olale/Documents/MyWorks/vyraxity/crystal-kairos/vitest.config.ts
[07:00:42.472] [INFO] Setting up a11y addon for @storybook/addon-vitest
[07:00:42.472] [INFO] Setting up a11y addon for @storybook/addon-vitest
[07:00:42.476] [DEBUG] Executing command: pnpm dlx storybook@10.2.8 automigrate addon-a11y-addon-test --loglevel silent --yes --skip-doctor --package-manager pnpm --skip-install
[07:05:24.963] [INFO] a11y addon setup successfully
[07:05:24.963] [INFO] a11y addon setup successfully
[07:05:24.968] [INFO] @storybook/addon-vitest setup completed successfully
[07:05:24.971] [INFO] @storybook/addon-vitest is now configured and you're ready to run your tests!
Here are a couple of tips to get you started:

• You can run tests with "npx vitest"
• Vitest IDE extension shows all stories as tests in your editor!

Check the documentation for more information about its features and options at:
https://storybook.js.org/docs/next/writing-tests/integrations/vitest-addon
[07:05:24.994] [INFO] @storybook/addon-vitest configured

[07:05:24.995] [INFO] Configuring @storybook/addon-a11y...
[07:05:24.996] [DEBUG] Executing command: pnpm dlx storybook@10.2.8 automigrate addon-a11y-addon-test --loglevel silent --skip-doctor --yes --package-manager pnpm --config-dir .storybook
[07:06:15.646] [INFO] @storybook/addon-a11y configured

[07:06:15.646] [INFO] Configuring @storybook/addon-docs...
[07:06:15.659] [INFO] @storybook/addon-docs configured

[07:06:15.660] [INFO] Configuring @storybook/addon-onboarding...
[07:06:15.665] [INFO] @storybook/addon-onboarding configured

[07:06:15.666] [INFO] Addons configured successfully
[07:06:15.667] [INFO] ✅ @chromatic-com/storybook
[07:06:15.670] [INFO] ✅ @storybook/addon-vitest
[07:06:15.670] [INFO] ✅ @storybook/addon-a11y
[07:06:15.671] [INFO] ✅ @storybook/addon-docs
[07:06:15.671] [INFO] ✅ @storybook/addon-onboarding
[07:06:15.673] [INFO] Installing Playwright browser binaries (press "c" to abort)
[07:06:15.673] [INFO] Installing Playwright browser binaries (press "c" to abort)
[07:06:15.676] [DEBUG] Executing command: pnpm exec playwright install chromium --with-deps
[07:06:40.372] [INFO] Installing Playwright browser binaries (press "c" to abort): Downloading Chrome for Testing 145.0.7632.6 (playwright chromium v1208) from https://cdn.playwright.dev/builds/cft/145.0.7632.6/win64/chrome-win64.zip

[07:06:40.372] [INFO] Installing Playwright browser binaries (press "c" to abort): Downloading Chrome for Te
[07:06:42.908] [INFO] Installing Playwright browser binaries (press "c" to abort): |                                                                                |   0% of 172.8 MiB

[07:06:42.908] [INFO] Installing Playwright browser binaries (press "c" to abort): |                        
[07:06:55.616] [INFO] Installing Playwright browser binaries (press "c" to abort): |■■■■■■■■                                                                        |  10% of 172.8 MiB

[07:06:55.616] [INFO] Installing Playwright browser binaries (press "c" to abort): |■■■■■■■■                
[07:07:12.668] [INFO] Installing Playwright browser binaries (press "c" to abort): |■■■■■■■■■■■■■■■■                                                                |  20% of 172.8 MiB

[07:07:12.668] [INFO] Installing Playwright browser binaries (press "c" to abort): |■■■■■■■■■■■■■■■■        
[07:07:42.431] [INFO] Installing Playwright browser binaries (press "c" to abort): |■■■■■■■■■■■■■■■■■■■■■■■■                                                        |  30% of 172.8 MiB

[07:07:42.431] [INFO] Installing Playwright browser binaries (press "c" to abort): |■■■■■■■■■■■■■■■■■■■■■■■■
[07:07:59.508] [INFO] Installing Playwright browser binaries (press "c" to abort): |■■■■■■■■■■■■■■■■■■■■■■■■■■■■■■■■                                                |  40% of 172.8 MiB

[07:07:59.508] [INFO] Installing Playwright browser binaries (press "c" to abort): |■■■■■■■■■■■■■■■■■■■■■■■■
[07:08:12.959] [INFO] Installing Playwright browser binaries (press "c" to abort): |■■■■■■■■■■■■■■■■■■■■■■■■■■■■■■■■■■■■■■■■                                        |  50% of 172.8 MiB

[07:08:12.959] [INFO] Installing Playwright browser binaries (press "c" to abort): |■■■■■■■■■■■■■■■■■■■■■■■■
[07:08:28.084] [INFO] Installing Playwright browser binaries (press "c" to abort): |■■■■■■■■■■■■■■■■■■■■■■■■■■■■■■■■■■■■■■■■■■■■■■■■                                |  60% of 172.8 MiB

[07:08:28.084] [INFO] Installing Playwright browser binaries (press "c" to abort): |■■■■■■■■■■■■■■■■■■■■■■■■
[07:08:44.489] [INFO] Installing Playwright browser binaries (press "c" to abort): |■■■■■■■■■■■■■■■■■■■■■■■■■■■■■■■■■■■■■■■■■■■■■■■■■■■■■■■■                        |  70% of 172.8 MiB

[07:08:44.489] [INFO] Installing Playwright browser binaries (press "c" to abort): |■■■■■■■■■■■■■■■■■■■■■■■■
[07:09:04.216] [INFO] Installing Playwright browser binaries (press "c" to abort): |■■■■■■■■■■■■■■■■■■■■■■■■■■■■■■■■■■■■■■■■■■■■■■■■■■■■■■■■■■■■■■■■                |  80% of 172.8 MiB

[07:09:04.216] [INFO] Installing Playwright browser binaries (press "c" to abort): |■■■■■■■■■■■■■■■■■■■■■■■■
[07:09:22.137] [INFO] Installing Playwright browser binaries (press "c" to abort): |■■■■■■■■■■■■■■■■■■■■■■■■■■■■■■■■■■■■■■■■■■■■■■■■■■■■■■■■■■■■■■■■■■■■■■■■        |  90% of 172.8 MiB

[07:09:22.137] [INFO] Installing Playwright browser binaries (press "c" to abort): |■■■■■■■■■■■■■■■■■■■■■■■■
[07:09:41.760] [INFO] Installing Playwright browser binaries (press "c" to abort): |■■■■■■■■■■■■■■■■■■■■■■■■■■■■■■■■■■■■■■■■■■■■■■■■■■■■■■■■■■■■■■■■■■■■■■■■■■■■■■■■| 100% of 172.8 MiB

[07:09:41.760] [INFO] Installing Playwright browser binaries (press "c" to abort): |■■■■■■■■■■■■■■■■■■■■■■■■
[07:09:52.336] [INFO] Installing Playwright browser binaries (press "c" to abort): Chrome for Testing 145.0.7632.6 (playwright chromium v1208) downloaded to C:\Users\olale\AppData\Local\ms-playwright\chromium-1208

[07:09:52.336] [INFO] Installing Playwright browser binaries (press "c" to abort): Chrome for Testing 145.0.
[07:09:52.339] [INFO] Installing Playwright browser binaries (press "c" to abort): Downloading FFmpeg (playwright ffmpeg v1011) from https://cdn.playwright.dev/dbazure/download/playwright/builds/ffmpeg/1011/ffmpeg-win64.zip

[07:09:52.339] [INFO] Installing Playwright browser binaries (press "c" to abort): Downloading FFmpeg (playw
[07:09:54.102] [INFO] Installing Playwright browser binaries (press "c" to abort): |                                                                                |   0% of 1.3 MiB

[07:09:54.102] [INFO] Installing Playwright browser binaries (press "c" to abort): |                        
[07:09:54.556] [INFO] Installing Playwright browser binaries (press "c" to abort): |■■■■■■■■                                                                        |  10% of 1.3 MiB

[07:09:54.556] [INFO] Installing Playwright browser binaries (press "c" to abort): |■■■■■■■■                
[07:09:54.926] [INFO] Installing Playwright browser binaries (press "c" to abort): |■■■■■■■■■■■■■■■■                                                                |  20% of 1.3 MiB

[07:09:54.926] [INFO] Installing Playwright browser binaries (press "c" to abort): |■■■■■■■■■■■■■■■■        
[07:09:55.281] [INFO] Installing Playwright browser binaries (press "c" to abort): |■■■■■■■■■■■■■■■■■■■■■■■■                                                        |  31% of 1.3 MiB

[07:09:55.281] [INFO] Installing Playwright browser binaries (press "c" to abort): |■■■■■■■■■■■■■■■■■■■■■■■■
[07:09:55.494] [INFO] Installing Playwright browser binaries (press "c" to abort): |■■■■■■■■■■■■■■■■■■■■■■■■■■■■■■■■                                                |  40% of 1.3 MiB

[07:09:55.494] [INFO] Installing Playwright browser binaries (press "c" to abort): |■■■■■■■■■■■■■■■■■■■■■■■■
[07:09:55.802] [INFO] Installing Playwright browser binaries (press "c" to abort): |■■■■■■■■■■■■■■■■■■■■■■■■■■■■■■■■■■■■■■■■                                        |  50% of 1.3 MiB

[07:09:55.802] [INFO] Installing Playwright browser binaries (press "c" to abort): |■■■■■■■■■■■■■■■■■■■■■■■■
[07:09:56.331] [INFO] Installing Playwright browser binaries (press "c" to abort): |■■■■■■■■■■■■■■■■■■■■■■■■■■■■■■■■■■■■■■■■■■■■■■■■                                |  60% of 1.3 MiB

[07:09:56.331] [INFO] Installing Playwright browser binaries (press "c" to abort): |■■■■■■■■■■■■■■■■■■■■■■■■
[07:09:56.341] [INFO] Installing Playwright browser binaries (press "c" to abort): |■■■■■■■■■■■■■■■■■■■■■■■■■■■■■■■■■■■■■■■■■■■■■■■■■■■■■■■■                        |  70% of 1.3 MiB

[07:09:56.341] [INFO] Installing Playwright browser binaries (press "c" to abort): |■■■■■■■■■■■■■■■■■■■■■■■■
[07:09:56.605] [INFO] Installing Playwright browser binaries (press "c" to abort): |■■■■■■■■■■■■■■■■■■■■■■■■■■■■■■■■■■■■■■■■■■■■■■■■■■■■■■■■■■■■■■■■                |  81% of 1.3 MiB

[07:09:56.605] [INFO] Installing Playwright browser binaries (press "c" to abort): |■■■■■■■■■■■■■■■■■■■■■■■■
[07:09:56.803] [INFO] Installing Playwright browser binaries (press "c" to abort): |■■■■■■■■■■■■■■■■■■■■■■■■■■■■■■■■■■■■■■■■■■■■■■■■■■■■■■■■■■■■■■■■■■■■■■■■        |  90% of 1.3 MiB

[07:09:56.803] [INFO] Installing Playwright browser binaries (press "c" to abort): |■■■■■■■■■■■■■■■■■■■■■■■■
[07:09:57.081] [INFO] Installing Playwright browser binaries (press "c" to abort): |■■■■■■■■■■■■■■■■■■■■■■■■■■■■■■■■■■■■■■■■■■■■■■■■■■■■■■■■■■■■■■■■■■■■■■■■■■■■■■■■| 100% of 1.3 MiB

[07:09:57.081] [INFO] Installing Playwright browser binaries (press "c" to abort): |■■■■■■■■■■■■■■■■■■■■■■■■
[07:09:57.258] [INFO] Installing Playwright browser binaries (press "c" to abort): FFmpeg (playwright ffmpeg v1011) downloaded to C:\Users\olale\AppData\Local\ms-playwright\ffmpeg-1011

[07:09:57.258] [INFO] Installing Playwright browser binaries (press "c" to abort): FFmpeg (playwright ffmpeg
[07:09:57.264] [INFO] Installing Playwright browser binaries (press "c" to abort): Downloading Chrome Headless Shell 145.0.7632.6 (playwright chromium-headless-shell v1208) from https://cdn.playwright.dev/builds/cft/145.0.7632.6/win64/chrome-headless-shell-win64.zip

[07:09:57.264] [INFO] Installing Playwright browser binaries (press "c" to abort): Downloading Chrome Headle
[07:09:58.795] [INFO] Installing Playwright browser binaries (press "c" to abort): |                                                                                |   0% of 108.8 MiB

[07:09:58.795] [INFO] Installing Playwright browser binaries (press "c" to abort): |                        
[07:10:17.072] [INFO] Installing Playwright browser binaries (press "c" to abort): |■■■■■■■■                                                                        |  10% of 108.8 MiB

[07:10:17.072] [INFO] Installing Playwright browser binaries (press "c" to abort): |■■■■■■■■                
[07:10:30.781] [INFO] Installing Playwright browser binaries (press "c" to abort): |■■■■■■■■■■■■■■■■                                                                |  20% of 108.8 MiB

[07:10:30.781] [INFO] Installing Playwright browser binaries (press "c" to abort): |■■■■■■■■■■■■■■■■        
[07:10:43.869] [INFO] Installing Playwright browser binaries (press "c" to abort): |■■■■■■■■■■■■■■■■■■■■■■■■                                                        |  30% of 108.8 MiB

[07:10:43.869] [INFO] Installing Playwright browser binaries (press "c" to abort): |■■■■■■■■■■■■■■■■■■■■■■■■
[07:10:53.335] [INFO] Installing Playwright browser binaries (press "c" to abort): |■■■■■■■■■■■■■■■■■■■■■■■■■■■■■■■■                                                |  40% of 108.8 MiB

[07:10:53.335] [INFO] Installing Playwright browser binaries (press "c" to abort): |■■■■■■■■■■■■■■■■■■■■■■■■
[07:11:03.308] [INFO] Installing Playwright browser binaries (press "c" to abort): |■■■■■■■■■■■■■■■■■■■■■■■■■■■■■■■■■■■■■■■■                                        |  50% of 108.8 MiB

[07:11:03.308] [INFO] Installing Playwright browser binaries (press "c" to abort): |■■■■■■■■■■■■■■■■■■■■■■■■
[07:11:18.509] [INFO] Installing Playwright browser binaries (press "c" to abort): |■■■■■■■■■■■■■■■■■■■■■■■■■■■■■■■■■■■■■■■■■■■■■■■■                                |  60% of 108.8 MiB

[07:11:18.509] [INFO] Installing Playwright browser binaries (press "c" to abort): |■■■■■■■■■■■■■■■■■■■■■■■■
[07:11:44.112] [INFO] Installing Playwright browser binaries (press "c" to abort): |■■■■■■■■■■■■■■■■■■■■■■■■■■■■■■■■■■■■■■■■■■■■■■■■■■■■■■■■                        |  70% of 108.8 MiB

[07:11:44.112] [INFO] Installing Playwright browser binaries (press "c" to abort): |■■■■■■■■■■■■■■■■■■■■■■■■
[07:12:16.949] [INFO] Installing Playwright browser binaries (press "c" to abort): |■■■■■■■■■■■■■■■■■■■■■■■■■■■■■■■■■■■■■■■■■■■■■■■■■■■■■■■■■■■■■■■■                |  80% of 108.8 MiB

[07:12:16.949] [INFO] Installing Playwright browser binaries (press "c" to abort): |■■■■■■■■■■■■■■■■■■■■■■■■
[07:12:42.349] [INFO] Installing Playwright browser binaries (press "c" to abort): |■■■■■■■■■■■■■■■■■■■■■■■■■■■■■■■■■■■■■■■■■■■■■■■■■■■■■■■■■■■■■■■■■■■■■■■■        |  90% of 108.8 MiB

[07:12:42.349] [INFO] Installing Playwright browser binaries (press "c" to abort): |■■■■■■■■■■■■■■■■■■■■■■■■
[07:13:01.565] [INFO] Installing Playwright browser binaries (press "c" to abort): |■■■■■■■■■■■■■■■■■■■■■■■■■■■■■■■■■■■■■■■■■■■■■■■■■■■■■■■■■■■■■■■■■■■■■■■■■■■■■■■■| 100% of 108.8 MiB

[07:13:01.565] [INFO] Installing Playwright browser binaries (press "c" to abort): |■■■■■■■■■■■■■■■■■■■■■■■■
[07:13:19.436] [INFO] Installing Playwright browser binaries (press "c" to abort): Chrome Headless Shell 145.0.7632.6 (playwright chromium-headless-shell v1208) downloaded to C:\Users\olale\AppData\Local\ms-playwright\chromium_headless_shell-1208

[07:13:19.436] [INFO] Installing Playwright browser binaries (press "c" to abort): Chrome Headless Shell 145
[07:13:19.442] [INFO] Installing Playwright browser binaries (press "c" to abort): Downloading Winldd (playwright winldd v1007) from https://cdn.playwright.dev/dbazure/download/playwright/builds/winldd/1007/winldd-win64.zip

[07:13:19.442] [INFO] Installing Playwright browser binaries (press "c" to abort): Downloading Winldd (playw
[07:13:21.673] [INFO] Installing Playwright browser binaries (press "c" to abort): |                                                                                |   1% of 0.1 MiB

[07:13:21.673] [INFO] Installing Playwright browser binaries (press "c" to abort): |                        
[07:13:21.689] [INFO] Installing Playwright browser binaries (press "c" to abort): |■■■■■■■■                                                                        |  10% of 0.1 MiB

[07:13:21.689] [INFO] Installing Playwright browser binaries (press "c" to abort): |■■■■■■■■                
[07:13:21.697] [INFO] Installing Playwright browser binaries (press "c" to abort): |■■■■■■■■■■■■■■■■                                                                |  20% of 0.1 MiB

[07:13:21.697] [INFO] Installing Playwright browser binaries (press "c" to abort): |■■■■■■■■■■■■■■■■        
[07:13:21.845] [INFO] Installing Playwright browser binaries (press "c" to abort): |■■■■■■■■■■■■■■■■■■■■■■■■                                                        |  30% of 0.1 MiB

[07:13:21.845] [INFO] Installing Playwright browser binaries (press "c" to abort): |■■■■■■■■■■■■■■■■■■■■■■■■
[07:13:21.866] [INFO] Installing Playwright browser binaries (press "c" to abort): |■■■■■■■■■■■■■■■■■■■■■■■■■■■■■■■■                                                |  40% of 0.1 MiB

[07:13:21.866] [INFO] Installing Playwright browser binaries (press "c" to abort): |■■■■■■■■■■■■■■■■■■■■■■■■
[07:13:21.900] [INFO] Installing Playwright browser binaries (press "c" to abort): |■■■■■■■■■■■■■■■■■■■■■■■■■■■■■■■■■■■■■■■■■■■■■■■■                                |  61% of 0.1 MiB

[07:13:21.900] [INFO] Installing Playwright browser binaries (press "c" to abort): |■■■■■■■■■■■■■■■■■■■■■■■■
[07:13:21.919] [INFO] Installing Playwright browser binaries (press "c" to abort): |■■■■■■■■■■■■■■■■■■■■■■■■■■■■■■■■■■■■■■■■■■■■■■■■■■■■■■■■                        |  74% of 0.1 MiB

[07:13:21.919] [INFO] Installing Playwright browser binaries (press "c" to abort): |■■■■■■■■■■■■■■■■■■■■■■■■
[07:13:21.942] [INFO] Installing Playwright browser binaries (press "c" to abort): |■■■■■■■■■■■■■■■■■■■■■■■■■■■■■■■■■■■■■■■■■■■■■■■■■■■■■■■■■■■■■■■■                |  86% of 0.1 MiB

[07:13:21.942] [INFO] Installing Playwright browser binaries (press "c" to abort): |■■■■■■■■■■■■■■■■■■■■■■■■
[07:13:22.012] [INFO] Installing Playwright browser binaries (press "c" to abort): |■■■■■■■■■■■■■■■■■■■■■■■■■■■■■■■■■■■■■■■■■■■■■■■■■■■■■■■■■■■■■■■■■■■■■■■■        |  97% of 0.1 MiB

[07:13:22.012] [INFO] Installing Playwright browser binaries (press "c" to abort): |■■■■■■■■■■■■■■■■■■■■■■■■
[07:13:22.019] [INFO] Installing Playwright browser binaries (press "c" to abort): |■■■■■■■■■■■■■■■■■■■■■■■■■■■■■■■■■■■■■■■■■■■■■■■■■■■■■■■■■■■■■■■■■■■■■■■■■■■■■■■■| 100% of 0.1 MiB

[07:13:22.019] [INFO] Installing Playwright browser binaries (press "c" to abort): |■■■■■■■■■■■■■■■■■■■■■■■■
[07:13:22.093] [INFO] Installing Playwright browser binaries (press "c" to abort): Winldd (playwright winldd v1007) downloaded to C:\Users\olale\AppData\Local\ms-playwright\winldd-1007

[07:13:22.093] [INFO] Installing Playwright browser binaries (press "c" to abort): Winldd (playwright winldd
[07:13:22.177] [INFO] Playwright browser binaries installed successfully
[07:13:22.177] [INFO] Playwright browser binaries installed successfully
[07:13:26.772] [WARN] Storybook setup completed, but some non-blocking errors occurred. Please check the log file below for details.
[07:13:26.774] [INFO] To run Storybook manually, run pnpm run storybook. CTRL+C to stop.
[07:13:26.776] [INFO] Wanna know more about Storybook? Check out https://storybook.js.org/
Having trouble or want to chat? Join us at https://discord.gg/storybook/